<?xml version="1.0" encoding="UTF-8"?>
<testsuites name="Login" time="27.507" tests="1" failures="0" errors="0">
   <testsuite name="Login" tests="1" failures="0" errors="0" time="27.507" skipped="0" timestamp="2024-12-04 19:46:36" hostname="rachm - Rachmad" id="Test Suites/Login">
      <properties>
         <property name="deviceName" value=""/>
         <property name="devicePlatform" value=""/>
         <property name="logFolder" value="C:\\Users\\rachm\\Katalon Studio\\Kompack\\Reports\\20241204_194621\\Login\\20241204_194621"/>
         <property name="logFiles" value="C:\\Users\\rachm\\Katalon Studio\\Kompack\\Reports\\20241204_194621\\Login\\20241204_194621\\execution0.log"/>
         <property name="attachments" value=""/>
         <property name="hostName" value="rachm - Rachmad"/>
         <property name="os" value="Windows 10 64bit"/>
         <property name="katalonVersion" value="8.6.9.208"/>
         <property name="browser" value="Chrome 131.0.0.0"/>
         <property name="hostAddress" value="192.168.18.83"/>
         <property name="sessionId" value="ad2ce253b82f40100ad75d3d5d7eafd5"/>
         <property name="seleniumVersion" value="3.141.59"/>
         <property name="proxyInformation" value="ProxyInformation { proxyOption=NO_PROXY, proxyServerType=HTTP, username=, password=********, proxyServerAddress=, proxyServerPort=0, executionList=&quot;&quot;, isApplyToDesiredCapabilities=true }"/>
         <property name="platform" value="Windows 10"/>
      </properties>
      <testcase name="Test Cases/Login" time="26.749" classname="Test Cases/Login" status="PASSED">
         <system-out><![CDATA[2024-12-04 19:46:36 - [TEST_CASE][PASSED] - Test Cases/Login: Test Cases/Login

2024-12-04 19:46:38 - [TEST_STEP][PASSED] - openBrowser(""): Browser is opened with url: ''

2024-12-04 19:46:38 - [MESSAGE][INFO] - Starting 'Chrome' driver

2024-12-04 19:46:39 - [MESSAGE][INFO] - Action delay is set to 0 milliseconds

2024-12-04 19:46:44 - [MESSAGE][PASSED] - Browser is opened with url: ''

2024-12-04 19:46:44 - [TEST_STEP][PASSED] - navigateToUrl("https://dev.partner.komerce.my.id/login"): Navigate to 'https://dev.partner.komerce.my.id/login' successfully

2024-12-04 19:46:56 - [MESSAGE][PASSED] - Navigate to 'https://dev.partner.komerce.my.id/login' successfully

2024-12-04 19:46:56 - [TEST_STEP][PASSED] - setText(findTestObject("Object Repository/Login Page/Page_Komerce.id/input_Email_username_email"), "rachmadnf.47@gmail.com"): Text 'rachmadnf.47@gmail.com' is set on object 'Object Repository/Login Page/Page_Komerce.id/input_Email_username_email'

2024-12-04 19:46:58 - [MESSAGE][PASSED] - Text 'rachmadnf.47@gmail.com' is set on object 'Object Repository/Login Page/Page_Komerce.id/input_Email_username_email'

2024-12-04 19:46:58 - [TEST_STEP][PASSED] - setEncryptedText(findTestObject("Object Repository/Login Page/Page_Komerce.id/input_Password_password"), "RigbBhfdqOCo21l43Dwk+w=="): Text ****** has been set on object 'Object Repository/Login Page/Page_Komerce.id/input_Password_password'

2024-12-04 19:46:59 - [MESSAGE][PASSED] - Text ****** has been set on object 'Object Repository/Login Page/Page_Komerce.id/input_Password_password'

2024-12-04 19:46:59 - [TEST_STEP][PASSED] - click(findTestObject("Object Repository/Login Page/Page_Komerce.id/button_Masuk")): Object: 'Object Repository/Login Page/Page_Komerce.id/button_Masuk' is clicked on

2024-12-04 19:47:01 - [MESSAGE][PASSED] - Object: 'Object Repository/Login Page/Page_Komerce.id/button_Masuk' is clicked on

2024-12-04 19:47:01 - [TEST_STEP][PASSED] - click(findTestObject("Object Repository/Login Page/Page_Komerce.id/span_Des_cc-1x4xm cc-sdm9t")): Object: 'Object Repository/Login Page/Page_Komerce.id/span_Des_cc-1x4xm cc-sdm9t' is clicked on

2024-12-04 19:47:02 - [MESSAGE][PASSED] - Object: 'Object Repository/Login Page/Page_Komerce.id/span_Des_cc-1x4xm cc-sdm9t' is clicked on

2024-12-04 19:47:02 - [TEST_STEP][PASSED] - closeBrowser(): Browser is closed

2024-12-04 19:47:03 - [MESSAGE][PASSED] - Browser is closed]]></system-out>
         <system-err><![CDATA[]]></system-err>
      </testcase>
      <system-out><![CDATA[2024-12-04 19:46:36 - [TEST_SUITE][PASSED] - Login: Test Cases/Login]]></system-out>
      <system-err><![CDATA[]]></system-err>
   </testsuite>
</testsuites>
